TN:
SF:/home/user/vega/projects/glace/glace-testgen/lib/autotests.js
FN:25,(anonymous_0)
FN:25,(anonymous_1)
FN:27,(anonymous_2)
FN:46,(anonymous_3)
FN:56,(anonymous_4)
FN:60,(anonymous_5)
FN:62,(anonymous_6)
FN:66,(anonymous_7)
FN:68,(anonymous_8)
FNF:9
FNH:5
FNDA:0,(anonymous_0)
FNDA:0,(anonymous_1)
FNDA:0,(anonymous_2)
FNDA:0,(anonymous_3)
FNDA:1,(anonymous_4)
FNDA:2,(anonymous_5)
FNDA:2,(anonymous_6)
FNDA:5,(anonymous_7)
FNDA:5,(anonymous_8)
DA:3,1
DA:4,1
DA:5,1
DA:7,1
DA:8,1
DA:9,1
DA:11,1
DA:13,1
DA:14,1
DA:15,1
DA:16,0
DA:17,0
DA:18,0
DA:20,0
DA:21,0
DA:25,1
DA:27,1
DA:28,0
DA:29,0
DA:30,0
DA:31,0
DA:33,0
DA:34,0
DA:35,0
DA:37,0
DA:41,1
DA:43,0
DA:44,0
DA:46,0
DA:48,0
DA:49,0
DA:50,0
DA:53,0
DA:56,1
DA:57,1
DA:59,1
DA:60,2
DA:62,2
DA:63,2
DA:66,2
DA:68,5
DA:69,5
DA:70,5
LF:43
LH:23
BRDA:13,0,0,1
BRDA:13,0,1,0
BRDA:15,1,0,0
BRDA:15,1,1,1
BRDA:30,2,0,0
BRDA:30,2,1,0
BRDA:41,3,0,0
BRDA:41,3,1,1
BRDA:69,4,0,0
BRDA:69,4,1,5
BRF:10
BRH:4
end_of_record
TN:
SF:/home/user/vega/projects/glace/glace-testgen/lib/cli.js
FN:29,(anonymous_0)
FN:46,(anonymous_1)
FN:60,(anonymous_2)
FN:99,(anonymous_3)
FNF:4
FNH:4
FNDA:1,(anonymous_0)
FNDA:2,(anonymous_1)
FNDA:3,(anonymous_2)
FNDA:2,(anonymous_3)
DA:9,1
DA:11,1
DA:13,1
DA:15,1
DA:16,1
DA:17,1
DA:20,1
DA:21,0
DA:29,1
DA:30,1
DA:31,0
DA:32,0
DA:33,0
DA:36,1
DA:37,1
DA:38,1
DA:46,1
DA:47,2
DA:48,1
DA:49,1
DA:50,1
DA:51,1
DA:52,1
DA:60,1
DA:61,3
DA:63,3
DA:64,2
DA:66,2
DA:67,2
DA:69,2
DA:70,1
DA:71,1
DA:74,1
DA:75,1
DA:77,1
DA:78,1
DA:81,1
DA:82,1
DA:84,1
DA:85,1
DA:89,2
DA:99,1
DA:100,2
DA:101,1
DA:103,1
DA:104,1
DA:108,1
DA:109,1
LF:48
LH:44
BRDA:20,0,0,0
BRDA:20,0,1,1
BRDA:30,1,0,0
BRDA:30,1,1,1
BRDA:47,2,0,1
BRDA:47,2,1,1
BRDA:69,3,0,1
BRDA:69,3,1,1
BRDA:74,4,0,1
BRDA:74,4,1,0
BRDA:81,5,0,1
BRDA:81,5,1,0
BRDA:100,6,0,1
BRDA:100,6,1,1
BRDA:103,7,0,0
BRDA:103,7,1,1
BRF:16
BRH:11
end_of_record
TN:
SF:/home/user/vega/projects/glace/glace-testgen/lib/config.js
FN:39,(anonymous_0)
FN:43,(anonymous_1)
FN:47,(anonymous_2)
FN:51,(anonymous_3)
FNF:4
FNH:2
FNDA:20,(anonymous_0)
FNDA:20,(anonymous_1)
FNDA:0,(anonymous_2)
FNDA:0,(anonymous_3)
DA:24,20
DA:26,20
DA:27,20
DA:29,20
DA:30,20
DA:32,20
DA:34,20
DA:35,20
DA:38,20
DA:39,20
DA:42,20
DA:43,20
DA:46,20
DA:47,0
DA:50,20
DA:51,0
DA:54,20
DA:55,20
DA:56,20
DA:57,20
DA:58,20
DA:59,20
DA:60,20
DA:61,20
DA:62,20
DA:63,20
DA:64,20
DA:65,20
DA:66,20
DA:68,20
DA:69,0
DA:71,20
DA:72,0
DA:74,20
DA:75,0
DA:78,20
DA:81,11
DA:84,20
LF:38
LH:33
BRDA:34,0,0,20
BRDA:34,0,1,0
BRDA:38,1,0,20
BRDA:38,1,1,0
BRDA:42,2,0,20
BRDA:42,2,1,0
BRDA:46,3,0,0
BRDA:46,3,1,20
BRDA:50,4,0,0
BRDA:50,4,1,20
BRDA:54,5,0,20
BRDA:54,5,1,0
BRDA:59,6,0,20
BRDA:59,6,1,17
BRDA:62,7,0,20
BRDA:62,7,1,19
BRDA:63,8,0,20
BRDA:63,8,1,20
BRDA:67,9,0,20
BRDA:67,9,1,20
BRDA:68,10,0,0
BRDA:68,10,1,20
BRDA:71,11,0,0
BRDA:71,11,1,20
BRDA:74,12,0,0
BRDA:74,12,1,20
BRDA:78,13,0,11
BRDA:78,13,1,9
BRDA:78,14,0,20
BRDA:78,14,1,11
BRDA:78,14,2,11
BRF:31
BRH:22
end_of_record
TN:
SF:/home/user/vega/projects/glace/glace-testgen/lib/generator.js
FN:28,(anonymous_0)
FN:70,(anonymous_1)
FN:103,(anonymous_2)
FN:107,(anonymous_3)
FN:118,(anonymous_4)
FN:161,(anonymous_5)
FN:191,(anonymous_6)
FN:217,(anonymous_7)
FNF:8
FNH:1
FNDA:1,(anonymous_0)
FNDA:0,(anonymous_1)
FNDA:0,(anonymous_2)
FNDA:0,(anonymous_3)
FNDA:0,(anonymous_4)
FNDA:0,(anonymous_5)
FNDA:0,(anonymous_6)
FNDA:0,(anonymous_7)
DA:9,1
DA:10,1
DA:11,1
DA:12,1
DA:14,1
DA:15,1
DA:16,1
DA:17,1
DA:28,1
DA:30,1
DA:31,1
DA:33,1
DA:35,1
DA:37,1
DA:38,0
DA:40,1
DA:41,0
DA:45,1
DA:47,1
DA:48,1
DA:49,1
DA:50,1
DA:51,0
DA:53,1
DA:54,0
DA:57,1
DA:59,1
DA:70,1
DA:71,0
DA:72,0
DA:74,0
DA:75,0
DA:77,0
DA:78,0
DA:80,0
DA:82,0
DA:84,0
DA:85,0
DA:86,0
DA:87,0
DA:89,0
DA:90,0
DA:91,0
DA:93,0
DA:97,0
DA:98,0
DA:99,0
DA:100,0
DA:103,0
DA:104,0
DA:107,0
DA:118,1
DA:119,0
DA:121,0
DA:122,0
DA:123,0
DA:125,0
DA:127,0
DA:128,0
DA:129,0
DA:132,0
DA:133,0
DA:135,0
DA:136,0
DA:137,0
DA:140,0
DA:141,0
DA:142,0
DA:145,0
DA:147,0
DA:150,0
DA:161,1
DA:162,0
DA:164,0
DA:165,0
DA:166,0
DA:167,0
DA:168,0
DA:173,0
DA:174,0
DA:175,0
DA:179,0
DA:191,1
DA:192,0
DA:193,0
DA:194,0
DA:195,0
DA:197,0
DA:198,0
DA:199,0
DA:200,0
DA:204,0
DA:206,0
DA:217,1
DA:218,0
DA:219,0
DA:221,0
LF:97
LH:28
BRDA:37,0,0,0
BRDA:37,0,1,1
BRDA:40,1,0,0
BRDA:40,1,1,1
BRDA:50,2,0,0
BRDA:50,2,1,1
BRDA:53,3,0,0
BRDA:53,3,1,1
BRDA:74,4,0,0
BRDA:74,4,1,0
BRDA:77,5,0,0
BRDA:77,5,1,0
BRDA:84,6,0,0
BRDA:84,6,1,0
BRDA:86,7,0,0
BRDA:86,7,1,0
BRDA:87,8,0,0
BRDA:87,8,1,0
BRDA:97,9,0,0
BRDA:97,9,1,0
BRDA:98,10,0,0
BRDA:98,10,1,0
BRDA:121,11,0,0
BRDA:121,11,1,0
BRDA:127,12,0,0
BRDA:127,12,1,0
BRDA:140,13,0,0
BRDA:140,13,1,0
BRDA:145,14,0,0
BRDA:145,14,1,0
BRDA:167,15,0,0
BRDA:167,15,1,0
BRDA:174,16,0,0
BRDA:174,16,1,0
BRDA:192,17,0,0
BRDA:192,17,1,0
BRDA:198,18,0,0
BRDA:198,18,1,0
BRDA:204,19,0,0
BRDA:204,19,1,0
BRDA:219,20,0,0
BRDA:219,20,1,0
BRF:42
BRH:4
end_of_record
TN:
SF:/home/user/vega/projects/glace/glace-testgen/lib/globals.js
FNF:0
FNH:0
DA:9,3
DA:11,3
DA:13,3
DA:14,2
DA:15,2
DA:16,1
DA:18,1
LF:7
LH:7
BRDA:13,0,0,2
BRDA:13,0,1,1
BRDA:15,1,0,1
BRDA:15,1,1,1
BRF:4
BRH:4
end_of_record
TN:
SF:/home/user/vega/projects/glace/glace-testgen/lib/help.js
FNF:0
FNH:0
DA:9,1
DA:10,1
DA:12,1
DA:14,1
DA:16,1
LF:5
LH:5
BRF:0
BRH:0
end_of_record
TN:
SF:/home/user/vega/projects/glace/glace-testgen/lib/index.js
FN:16,(anonymous_0)
FN:22,(anonymous_1)
FN:28,(anonymous_2)
FN:37,(anonymous_3)
FNF:4
FNH:2
FNDA:1,(anonymous_0)
FNDA:0,(anonymous_1)
FNDA:1,(anonymous_2)
FNDA:0,(anonymous_3)
DA:11,1
DA:17,1
DA:18,1
DA:23,0
DA:24,0
DA:29,1
DA:30,1
DA:38,0
DA:39,0
LF:9
LH:5
BRDA:17,0,0,1
BRDA:17,0,1,1
BRDA:23,1,0,0
BRDA:23,1,1,0
BRDA:29,2,0,1
BRDA:29,2,1,1
BRDA:38,3,0,0
BRDA:38,3,1,0
BRF:8
BRH:4
end_of_record
TN:
SF:/home/user/vega/projects/glace/glace-testgen/lib/loader.js
FN:22,(anonymous_0)
FN:40,(anonymous_1)
FN:42,(anonymous_2)
FN:54,(anonymous_3)
FN:55,(anonymous_4)
FN:69,(anonymous_5)
FNF:6
FNH:1
FNDA:0,(anonymous_0)
FNDA:0,(anonymous_1)
FNDA:0,(anonymous_2)
FNDA:0,(anonymous_3)
FNDA:0,(anonymous_4)
FNDA:1,(anonymous_5)
DA:9,1
DA:11,1
DA:12,1
DA:13,1
DA:22,1
DA:23,0
DA:25,0
DA:26,0
DA:29,0
DA:31,0
DA:32,0
DA:33,0
DA:34,0
DA:37,0
DA:40,1
DA:42,0
DA:43,0
DA:44,0
DA:45,0
DA:54,1
DA:55,0
DA:56,0
DA:57,0
DA:69,1
DA:70,1
DA:71,1
DA:72,1
DA:84,1
LF:28
LH:12
BRDA:25,0,0,0
BRDA:25,0,1,0
BRDA:44,1,0,0
BRDA:44,1,1,0
BRDA:56,2,0,0
BRDA:56,2,1,0
BRF:6
BRH:0
end_of_record
TN:
SF:/home/user/vega/projects/glace/glace-testgen/lib/pluginHelp.js
FN:9,(anonymous_0)
FNF:1
FNH:1
FNDA:1,(anonymous_0)
DA:9,1
DA:10,1
LF:2
LH:2
BRF:0
BRH:0
end_of_record
TN:
SF:/home/user/vega/projects/glace/glace-testgen/lib/step.js
FN:33,(anonymous_0)
FN:63,(anonymous_1)
FNF:2
FNH:2
FNDA:14,(anonymous_0)
FNDA:9,(anonymous_1)
DA:31,1
DA:33,1
DA:44,14
DA:45,14
DA:46,14
DA:47,14
DA:48,14
DA:49,14
DA:50,14
DA:51,14
DA:52,14
DA:53,14
DA:54,14
DA:63,1
DA:64,9
DA:77,1
LF:16
LH:16
BRDA:45,0,0,14
BRDA:45,0,1,4
BRDA:48,1,0,14
BRDA:48,1,1,4
BRDA:49,2,0,14
BRDA:49,2,1,5
BRDA:50,3,0,14
BRDA:50,3,1,5
BRF:8
BRH:8
end_of_record
TN:
SF:/home/user/vega/projects/glace/glace-testgen/lib/test.js
FN:21,(anonymous_0)
FN:36,(anonymous_1)
FN:79,(anonymous_2)
FN:121,(anonymous_3)
FN:129,(anonymous_4)
FN:133,(anonymous_5)
FN:144,(anonymous_6)
FN:155,(anonymous_7)
FN:156,(anonymous_8)
FNF:9
FNH:8
FNDA:14,(anonymous_0)
FNDA:20,(anonymous_1)
FNDA:6,(anonymous_2)
FNDA:0,(anonymous_3)
FNDA:5,(anonymous_4)
FNDA:4,(anonymous_5)
FNDA:4,(anonymous_6)
FNDA:12,(anonymous_7)
FNDA:10,(anonymous_8)
DA:16,1
DA:18,1
DA:19,1
DA:21,1
DA:22,14
DA:23,14
DA:24,14
DA:25,14
DA:26,14
DA:36,1
DA:39,20
DA:41,0
DA:44,20
DA:46,0
DA:50,20
DA:53,11
DA:56,8
DA:57,0
DA:58,0
DA:59,0
DA:60,0
DA:61,0
DA:62,0
DA:63,0
DA:64,0
DA:67,0
DA:70,8
DA:79,1
DA:81,6
DA:82,6
DA:89,6
DA:91,6
DA:93,6
DA:94,4
DA:96,2
DA:99,6
DA:100,0
DA:104,6
DA:105,0
DA:108,6
DA:110,6
DA:111,0
DA:112,0
DA:113,0
DA:114,0
DA:115,0
DA:116,0
DA:118,6
DA:121,1
DA:129,1
DA:130,5
DA:131,5
DA:132,5
DA:133,5
DA:134,5
DA:135,5
DA:136,5
DA:144,1
DA:145,4
DA:155,1
DA:156,12
DA:159,1
LF:62
LH:43
BRDA:39,0,0,0
BRDA:39,0,1,20
BRDA:39,1,0,20
BRDA:39,1,1,15
BRDA:44,2,0,0
BRDA:44,2,1,20
BRDA:44,3,0,20
BRDA:44,3,1,15
BRDA:50,4,0,9
BRDA:50,4,1,11
BRDA:50,5,0,20
BRDA:50,5,1,9
BRDA:53,6,0,3
BRDA:53,6,1,8
BRDA:53,7,0,11
BRDA:53,7,1,9
BRDA:56,8,0,0
BRDA:56,8,1,8
BRDA:62,9,0,0
BRDA:62,9,1,0
BRDA:67,10,0,0
BRDA:67,10,1,0
BRDA:70,11,0,8
BRDA:70,11,1,2
BRDA:89,12,0,0
BRDA:89,12,1,6
BRDA:89,13,0,6
BRDA:89,13,1,0
BRDA:91,14,0,0
BRDA:91,14,1,6
BRDA:93,15,0,4
BRDA:93,15,1,2
BRDA:93,16,0,6
BRDA:93,16,1,6
BRDA:99,17,0,0
BRDA:99,17,1,6
BRDA:104,18,0,0
BRDA:104,18,1,6
BRDA:110,19,0,0
BRDA:110,19,1,6
BRDA:113,20,0,0
BRDA:113,20,1,0
BRDA:113,21,0,0
BRDA:113,21,1,0
BRDA:115,22,0,0
BRDA:115,22,1,0
BRDA:115,23,0,0
BRDA:115,23,1,0
BRDA:116,24,0,0
BRDA:116,24,1,0
BRF:50
BRH:27
end_of_record
TN:
SF:/home/user/vega/projects/glace/glace-testgen/lib/train.js
FN:9,(anonymous_0)
FN:24,(anonymous_1)
FN:35,(anonymous_2)
FN:49,(anonymous_3)
FN:51,(anonymous_4)
FN:71,(anonymous_5)
FN:93,(anonymous_6)
FNF:7
FNH:0
FNDA:0,(anonymous_0)
FNDA:0,(anonymous_1)
FNDA:0,(anonymous_2)
FNDA:0,(anonymous_3)
FNDA:0,(anonymous_4)
FNDA:0,(anonymous_5)
FNDA:0,(anonymous_6)
DA:3,1
DA:4,1
DA:5,1
DA:7,1
DA:9,1
DA:10,0
DA:11,0
DA:12,0
DA:13,0
DA:14,0
DA:15,0
DA:16,0
DA:17,0
DA:18,0
DA:19,0
DA:20,0
DA:21,0
DA:24,1
DA:25,0
DA:26,0
DA:27,0
DA:30,0
DA:31,0
DA:32,0
DA:33,0
DA:35,0
DA:37,0
DA:38,0
DA:39,0
DA:40,0
DA:41,0
DA:42,0
DA:43,0
DA:46,0
DA:49,1
DA:51,1
DA:53,0
DA:54,0
DA:56,0
DA:57,0
DA:58,0
DA:61,0
DA:62,0
DA:63,0
DA:65,0
DA:66,0
DA:68,0
DA:71,1
DA:72,0
DA:73,0
DA:74,0
DA:75,0
DA:76,0
DA:77,0
DA:79,0
DA:80,0
DA:81,0
DA:83,0
DA:90,0
DA:93,1
DA:94,0
DA:95,0
DA:96,0
DA:97,0
DA:100,0
DA:103,1
LF:66
LH:11
BRDA:27,0,0,0
BRDA:27,0,1,0
BRDA:37,1,0,0
BRDA:37,1,1,0
BRDA:41,2,0,0
BRDA:41,2,1,0
BRDA:56,3,0,0
BRDA:56,3,1,0
BRDA:80,4,0,0
BRDA:80,4,1,0
BRDA:97,5,0,0
BRDA:97,5,1,0
BRF:12
BRH:0
end_of_record
TN:
SF:/home/user/vega/projects/glace/glace-testgen/lib/utils.js
FN:23,(anonymous_0)
FN:25,(anonymous_1)
FN:53,(anonymous_2)
FN:73,(anonymous_3)
FNF:4
FNH:4
FNDA:15,(anonymous_0)
FNDA:20,(anonymous_1)
FNDA:1,(anonymous_2)
FNDA:1,(anonymous_3)
DA:9,1
DA:11,1
DA:12,1
DA:13,1
DA:23,1
DA:25,15
DA:27,20
DA:28,12
DA:30,12
DA:31,12
DA:33,12
DA:34,12
DA:36,12
DA:37,8
DA:39,4
DA:41,12
DA:43,15
DA:46,15
DA:47,3
DA:50,12
DA:53,1
DA:54,1
DA:55,1
DA:56,3
DA:57,0
DA:59,3
DA:62,1
DA:73,1
DA:75,1
DA:76,1
DA:78,0
DA:80,1
LF:32
LH:30
BRDA:30,0,0,10
BRDA:30,0,1,2
BRDA:31,1,0,4
BRDA:31,1,1,8
BRDA:33,2,0,0
BRDA:33,2,1,12
BRDA:34,3,0,4
BRDA:34,3,1,8
BRDA:36,4,0,8
BRDA:36,4,1,4
BRDA:36,5,0,12
BRDA:36,5,1,12
BRDA:41,6,0,5
BRDA:41,6,1,7
BRDA:46,7,0,3
BRDA:46,7,1,12
BRDA:46,8,0,15
BRDA:46,8,1,13
BRDA:56,9,0,0
BRDA:56,9,1,3
BRDA:57,10,0,0
BRDA:57,10,1,0
BRDA:75,11,0,1
BRDA:75,11,1,0
BRDA:75,12,0,1
BRDA:75,12,1,0
BRF:26
BRH:20
end_of_record
TN:
SF:/home/user/vega/projects/glace/glace-testgen/tests/unit/testCli.js
FN:6,(anonymous_0)
FN:9,(anonymous_1)
FN:14,(anonymous_2)
FN:17,(anonymous_3)
FN:26,(anonymous_4)
FN:37,(anonymous_5)
FN:39,(anonymous_6)
FN:44,(anonymous_7)
FN:51,(anonymous_8)
FN:59,(anonymous_9)
FN:62,(anonymous_10)
FN:68,(anonymous_11)
FN:76,(anonymous_12)
FN:83,(anonymous_13)
FN:86,(anonymous_14)
FN:92,(anonymous_15)
FN:97,(anonymous_16)
FN:103,(anonymous_17)
FNF:18
FNH:18
FNDA:1,(anonymous_0)
FNDA:8,(anonymous_1)
FNDA:1,(anonymous_2)
FNDA:1,(anonymous_3)
FNDA:1,(anonymous_4)
FNDA:1,(anonymous_5)
FNDA:2,(anonymous_6)
FNDA:1,(anonymous_7)
FNDA:1,(anonymous_8)
FNDA:1,(anonymous_9)
FNDA:2,(anonymous_10)
FNDA:1,(anonymous_11)
FNDA:1,(anonymous_12)
FNDA:1,(anonymous_13)
FNDA:3,(anonymous_14)
FNDA:1,(anonymous_15)
FNDA:1,(anonymous_16)
FNDA:1,(anonymous_17)
DA:3,1
DA:4,1
DA:6,1
DA:7,1
DA:9,1
DA:10,8
DA:11,8
DA:14,1
DA:17,1
DA:18,1
DA:19,1
DA:20,1
DA:21,1
DA:22,1
DA:23,1
DA:26,1
DA:27,1
DA:28,1
DA:29,1
DA:30,1
DA:31,1
DA:32,1
DA:33,1
DA:37,1
DA:39,1
DA:40,2
DA:41,2
DA:44,1
DA:45,1
DA:46,1
DA:47,1
DA:48,1
DA:51,1
DA:52,1
DA:53,1
DA:54,1
DA:55,1
DA:59,1
DA:62,1
DA:63,2
DA:64,2
DA:65,2
DA:68,1
DA:69,1
DA:70,1
DA:71,1
DA:72,1
DA:73,1
DA:76,1
DA:77,1
DA:78,1
DA:79,1
DA:83,1
DA:86,1
DA:87,3
DA:88,3
DA:89,3
DA:92,1
DA:93,1
DA:94,1
DA:97,1
DA:98,1
DA:99,1
DA:100,1
DA:103,1
DA:104,1
DA:105,1
DA:106,1
LF:68
LH:68
BRF:0
BRH:0
end_of_record
TN:
SF:/home/user/vega/projects/glace/glace-testgen/tests/unit/testConfig.js
FN:6,(anonymous_0)
FN:11,(anonymous_1)
FN:15,(anonymous_2)
FN:17,(anonymous_3)
FN:21,(anonymous_4)
FN:25,(anonymous_5)
FN:29,(anonymous_6)
FN:33,(anonymous_7)
FN:37,(anonymous_8)
FN:41,(anonymous_9)
FN:46,(anonymous_10)
FN:48,(anonymous_11)
FN:54,(anonymous_12)
FN:60,(anonymous_13)
FN:66,(anonymous_14)
FN:72,(anonymous_15)
FN:78,(anonymous_16)
FNF:17
FNH:17
FNDA:19,(anonymous_0)
FNDA:1,(anonymous_1)
FNDA:1,(anonymous_2)
FNDA:1,(anonymous_3)
FNDA:1,(anonymous_4)
FNDA:1,(anonymous_5)
FNDA:1,(anonymous_6)
FNDA:1,(anonymous_7)
FNDA:1,(anonymous_8)
FNDA:1,(anonymous_9)
FNDA:1,(anonymous_10)
FNDA:1,(anonymous_11)
FNDA:1,(anonymous_12)
FNDA:1,(anonymous_13)
FNDA:1,(anonymous_14)
FNDA:1,(anonymous_15)
FNDA:1,(anonymous_16)
DA:3,1
DA:4,1
DA:6,1
DA:7,19
DA:8,19
DA:11,1
DA:13,1
DA:15,1
DA:17,1
DA:18,1
DA:21,1
DA:22,1
DA:25,1
DA:26,1
DA:29,1
DA:30,1
DA:33,1
DA:34,1
DA:37,1
DA:38,1
DA:41,1
DA:42,1
DA:46,1
DA:48,1
DA:49,1
DA:50,1
DA:51,1
DA:54,1
DA:55,1
DA:56,1
DA:57,1
DA:60,1
DA:61,1
DA:62,1
DA:63,1
DA:66,1
DA:67,1
DA:68,1
DA:69,1
DA:72,1
DA:73,1
DA:74,1
DA:75,1
DA:78,1
DA:79,1
DA:80,1
DA:81,1
LF:47
LH:47
BRF:0
BRH:0
end_of_record
TN:
SF:/home/user/vega/projects/glace/glace-testgen/tests/unit/testGen.js
FN:5,(anonymous_0)
FN:8,(anonymous_1)
FN:13,(anonymous_2)
FN:16,(anonymous_3)
FN:29,(anonymous_4)
FNF:5
FNH:5
FNDA:1,(anonymous_0)
FNDA:1,(anonymous_1)
FNDA:1,(anonymous_2)
FNDA:1,(anonymous_3)
FNDA:1,(anonymous_4)
DA:3,1
DA:5,1
DA:6,1
DA:8,1
DA:9,1
DA:10,1
DA:13,1
DA:16,1
DA:17,1
DA:18,1
DA:19,1
DA:20,1
DA:21,1
DA:22,1
DA:23,1
DA:24,1
DA:25,1
DA:26,1
DA:29,1
DA:30,1
DA:31,1
DA:32,1
DA:33,1
DA:34,1
LF:24
LH:24
BRF:0
BRH:0
end_of_record
TN:
SF:/home/user/vega/projects/glace/glace-testgen/tests/unit/testGlobals.js
FN:3,(anonymous_0)
FN:5,(anonymous_1)
FN:7,(anonymous_2)
FN:15,(anonymous_3)
FN:24,(anonymous_4)
FNF:5
FNH:5
FNDA:1,(anonymous_0)
FNDA:1,(anonymous_1)
FNDA:1,(anonymous_2)
FNDA:1,(anonymous_3)
FNDA:1,(anonymous_4)
DA:3,1
DA:5,1
DA:7,1
DA:8,1
DA:9,1
DA:10,1
DA:11,1
DA:12,1
DA:15,1
DA:16,1
DA:17,1
DA:18,1
DA:19,1
DA:20,1
DA:21,1
DA:24,1
DA:25,1
DA:26,1
DA:27,1
DA:28,1
DA:29,1
DA:30,1
DA:31,1
LF:23
LH:23
BRF:0
BRH:0
end_of_record
TN:
SF:/home/user/vega/projects/glace/glace-testgen/tests/unit/testLoader.js
FN:6,(anonymous_0)
FN:9,(anonymous_1)
FN:14,(anonymous_2)
FN:15,(anonymous_3)
FNF:4
FNH:4
FNDA:1,(anonymous_0)
FNDA:1,(anonymous_1)
FNDA:1,(anonymous_2)
FNDA:1,(anonymous_3)
DA:3,1
DA:4,1
DA:6,1
DA:7,1
DA:9,1
DA:10,1
DA:11,1
DA:14,1
DA:15,1
DA:16,1
DA:20,1
DA:21,1
DA:22,1
DA:23,1
DA:24,1
DA:25,1
LF:16
LH:16
BRF:0
BRH:0
end_of_record
TN:
SF:/home/user/vega/projects/glace/glace-testgen/tests/unit/testStep.js
FN:5,(anonymous_0)
FN:9,(anonymous_1)
FN:16,(anonymous_2)
FNF:3
FNH:3
FNDA:1,(anonymous_0)
FNDA:1,(anonymous_1)
FNDA:1,(anonymous_2)
DA:3,1
DA:5,1
DA:7,1
DA:9,1
DA:10,1
DA:11,1
DA:12,1
DA:13,1
DA:16,1
DA:17,1
DA:18,1
DA:19,1
DA:20,1
DA:21,1
DA:22,1
LF:15
LH:15
BRF:0
BRH:0
end_of_record
TN:
SF:/home/user/vega/projects/glace/glace-testgen/tests/unit/testTest.js
FN:5,(anonymous_0)
FN:7,(anonymous_1)
FN:10,(anonymous_2)
FN:14,(anonymous_3)
FN:20,(anonymous_4)
FN:22,(anonymous_5)
FN:26,(anonymous_6)
FN:31,(anonymous_7)
FN:33,(anonymous_8)
FN:40,(anonymous_9)
FN:50,(anonymous_10)
FN:60,(anonymous_11)
FN:66,(anonymous_12)
FNF:13
FNH:13
FNDA:1,(anonymous_0)
FNDA:1,(anonymous_1)
FNDA:8,(anonymous_2)
FNDA:1,(anonymous_3)
FNDA:1,(anonymous_4)
FNDA:1,(anonymous_5)
FNDA:1,(anonymous_6)
FNDA:1,(anonymous_7)
FNDA:1,(anonymous_8)
FNDA:1,(anonymous_9)
FNDA:1,(anonymous_10)
FNDA:1,(anonymous_11)
FNDA:1,(anonymous_12)
DA:3,1
DA:5,1
DA:7,1
DA:10,1
DA:11,8
DA:14,1
DA:15,1
DA:16,1
DA:17,1
DA:20,1
DA:22,1
DA:23,1
DA:26,1
DA:27,1
DA:31,1
DA:33,1
DA:34,1
DA:35,1
DA:36,1
DA:37,1
DA:40,1
DA:41,1
DA:42,1
DA:43,1
DA:44,1
DA:45,1
DA:46,1
DA:50,1
DA:51,1
DA:52,1
DA:53,1
DA:54,1
DA:55,1
DA:56,1
DA:57,1
DA:60,1
DA:61,1
DA:62,1
DA:63,1
DA:66,1
DA:67,1
DA:68,1
DA:69,1
LF:43
LH:43
BRF:0
BRH:0
end_of_record
TN:
SF:/home/user/vega/projects/glace/glace-testgen/tests/unit/testUtils.js
FN:7,(anonymous_0)
FN:9,(anonymous_1)
FN:18,(anonymous_2)
FN:19,(anonymous_3)
FNF:4
FNH:4
FNDA:1,(anonymous_0)
FNDA:1,(anonymous_1)
FNDA:7,(anonymous_2)
FNDA:7,(anonymous_3)
DA:3,1
DA:5,1
DA:7,1
DA:9,1
DA:10,1
DA:19,7
DA:20,7
LF:7
LH:7
BRF:0
BRH:0
end_of_record
